DEBUG - 2026-01-02 07:41:26 --> Session: Class initialized using 'CodeIgniter\Session\Handlers\FileHandler' driver.
CRITICAL - 2026-01-02 07:41:26 --> ErrorException: chmod(): Operation not permitted
[Method: GET, Route: /]
in VENDORPATH/codeigniter4/framework/system/Log/Handlers/FileHandler.php on line 124.
 1 [internal function]: CodeIgniter\Debug\Exceptions->errorHandler(2, 'chmod(): Operation not permitted', '/var/www/html/vendor/codeigniter4/framework/system/Log/Handlers/FileHandler.php', 124)
 2 VENDORPATH/codeigniter4/framework/system/Log/Handlers/FileHandler.php(124): chmod('/var/www/html/writable/logs/log-2026-01-02.log', 420)
 3 VENDORPATH/codeigniter4/framework/system/Log/Logger.php(271): CodeIgniter\Log\Handlers\FileHandler->handle('debug', 'Session: Class initialized using \'CodeIgniter\\Session\\Handlers\\FileHandler\' driver.')
 4 VENDORPATH/codeigniter4/framework/system/Log/Logger.php(231): CodeIgniter\Log\Logger->log('debug', 'Session: Class initialized using \'CodeIgniter\\Session\\Handlers\\FileHandler\' driver.', [])
 5 VENDORPATH/codeigniter4/framework/system/Session/Session.php(262): CodeIgniter\Log\Logger->debug('Session: Class initialized using \'CodeIgniter\\Session\\Handlers\\FileHandler\' driver.')
 6 SYSTEMPATH/Config/Services.php(715): CodeIgniter\Session\Session->start()
 7 SYSTEMPATH/Config/BaseService.php(312): CodeIgniter\Config\Services::session(Object(Config\Session), false)
 8 SYSTEMPATH/Config/BaseService.php(251): CodeIgniter\Config\BaseService::__callStatic('session', [...])
 9 SYSTEMPATH/Config/Services.php(668): CodeIgniter\Config\BaseService::getSharedInstance('session', null)
10 SYSTEMPATH/Config/BaseService.php(321): CodeIgniter\Config\Services::session()
11 APPPATH/Controllers/BaseController.php(52): CodeIgniter\Config\BaseService::__callStatic('session', [])
12 VENDORPATH/codeigniter4/framework/system/CodeIgniter.php(904): App\Controllers\BaseController->initController(Object(CodeIgniter\HTTP\IncomingRequest), Object(CodeIgniter\HTTP\Response), Object(CodeIgniter\Log\Logger))
13 VENDORPATH/codeigniter4/framework/system/CodeIgniter.php(498): CodeIgniter\CodeIgniter->createController()
14 VENDORPATH/codeigniter4/framework/system/CodeIgniter.php(354): CodeIgniter\CodeIgniter->handleRequest(null, Object(Config\Cache), false)
15 SYSTEMPATH/Boot.php(363): CodeIgniter\CodeIgniter->run()
16 SYSTEMPATH/Boot.php(68): CodeIgniter\Boot::runCodeIgniter(Object(CodeIgniter\CodeIgniter))
17 FCPATH/index.php(59): CodeIgniter\Boot::bootWeb(Object(Config\Paths))
DEBUG - 2026-01-02 07:41:30 --> Session: Class initialized using 'CodeIgniter\Session\Handlers\FileHandler' driver.
DEBUG - 2026-01-02 07:41:34 --> Session: Class initialized using 'CodeIgniter\Session\Handlers\FileHandler' driver.
DEBUG - 2026-01-02 07:41:42 --> Session: Class initialized using 'CodeIgniter\Session\Handlers\FileHandler' driver.
DEBUG - 2026-01-02 07:41:45 --> Session: Class initialized using 'CodeIgniter\Session\Handlers\FileHandler' driver.
DEBUG - 2026-01-02 07:41:51 --> Session: Class initialized using 'CodeIgniter\Session\Handlers\FileHandler' driver.
CRITICAL - 2026-01-02 07:41:53 --> ErrorException: chmod(): Operation not permitted
[Method: GET, Route: /]
in VENDORPATH/codeigniter4/framework/system/Session/Handlers/FileHandler.php on line 149.
 1 [internal function]: CodeIgniter\Debug\Exceptions->errorHandler(2, 'chmod(): Operation not permitted', '/var/www/html/vendor/codeigniter4/framework/system/Session/Handlers/FileHandler.php', 149)
 2 VENDORPATH/codeigniter4/framework/system/Session/Handlers/FileHandler.php(149): chmod('/var/www/html/writable/session/ci_sessionf5239ab5453e767fb7447d39dd102a49', 384)
 3 [internal function]: CodeIgniter\Session\Handlers\FileHandler->read('f5239ab5453e767fb7447d39dd102a49')
 4 VENDORPATH/codeigniter4/framework/system/Session/Session.php(912): session_start()
 5 VENDORPATH/codeigniter4/framework/system/Session/Session.php(243): CodeIgniter\Session\Session->startSession()
 6 SYSTEMPATH/Config/Services.php(715): CodeIgniter\Session\Session->start()
 7 SYSTEMPATH/Config/BaseService.php(312): CodeIgniter\Config\Services::session(Object(Config\Session), false)
 8 SYSTEMPATH/Config/BaseService.php(251): CodeIgniter\Config\BaseService::__callStatic('session', [...])
 9 SYSTEMPATH/Config/Services.php(668): CodeIgniter\Config\BaseService::getSharedInstance('session', null)
10 SYSTEMPATH/Config/BaseService.php(321): CodeIgniter\Config\Services::session()
11 APPPATH/Controllers/BaseController.php(52): CodeIgniter\Config\BaseService::__callStatic('session', [])
12 VENDORPATH/codeigniter4/framework/system/CodeIgniter.php(904): App\Controllers\BaseController->initController(Object(CodeIgniter\HTTP\IncomingRequest), Object(CodeIgniter\HTTP\Response), Object(CodeIgniter\Log\Logger))
13 VENDORPATH/codeigniter4/framework/system/CodeIgniter.php(498): CodeIgniter\CodeIgniter->createController()
14 VENDORPATH/codeigniter4/framework/system/CodeIgniter.php(354): CodeIgniter\CodeIgniter->handleRequest(null, Object(Config\Cache), false)
15 SYSTEMPATH/Boot.php(363): CodeIgniter\CodeIgniter->run()
16 SYSTEMPATH/Boot.php(68): CodeIgniter\Boot::runCodeIgniter(Object(CodeIgniter\CodeIgniter))
17 FCPATH/index.php(59): CodeIgniter\Boot::bootWeb(Object(Config\Paths))
DEBUG - 2026-01-02 08:00:34 --> Session: Class initialized using 'CodeIgniter\Session\Handlers\FileHandler' driver.
DEBUG - 2026-01-02 08:00:39 --> Session: Class initialized using 'CodeIgniter\Session\Handlers\FileHandler' driver.
DEBUG - 2026-01-02 08:00:46 --> Session: Class initialized using 'CodeIgniter\Session\Handlers\FileHandler' driver.
DEBUG - 2026-01-02 08:00:48 --> Session: Class initialized using 'CodeIgniter\Session\Handlers\FileHandler' driver.
DEBUG - 2026-01-02 08:00:54 --> Session: Class initialized using 'CodeIgniter\Session\Handlers\FileHandler' driver.
DEBUG - 2026-01-02 08:00:55 --> Session: Class initialized using 'CodeIgniter\Session\Handlers\FileHandler' driver.
DEBUG - 2026-01-02 08:03:06 --> Session: Class initialized using 'CodeIgniter\Session\Handlers\FileHandler' driver.
